<?xml version="1.0" encoding="UTF-8"?>
<!-- Generated by org.testng.reporters.JUnitXMLReporter -->
<testsuite ignored="1" hostname="LAPTOP-FBCRBUCN" failures="0" tests="1" name="Default test" time="22.729" errors="0" timestamp="2022-03-19T15:12:44 IST">
  <testcase classname="adminSection.Pages.SprAdminStaff" name="courses" time="2.162"/>
  <testcase classname="adminSection.Pages.SprAdminStaff" name="search" time="0.0">
    <ignored/>
  </testcase> <!-- search -->
</testsuite> <!-- Default test -->
